EDA Netlist Writer report for First_project
Sat Aug 19 22:40:39 2017
Quartus II 64-Bit Version 11.1 Build 216 11/23/2011 Service Pack 1 SJ Full Version


---------------------
; Table of Contents ;
---------------------
  1. Legal Notice
  2. EDA Netlist Writer Summary
  3. Simulation Settings
  4. Simulation Generated Files
  5. EDA Netlist Writer Messages



----------------
; Legal Notice ;
----------------
Copyright (C) 1991-2011 Altera Corporation
Your use of Altera Corporation's design tools, logic functions 
and other software and tools, and its AMPP partner logic 
functions, and any output files from any of the foregoing 
(including device programming or simulation files), and any 
associated documentation or information are expressly subject 
to the terms and conditions of the Altera Program License 
Subscription Agreement, Altera MegaCore Function License 
Agreement, or other applicable license agreement, including, 
without limitation, that your use is for the sole purpose of 
programming logic devices manufactured by Altera and sold by 
Altera or its authorized distributors.  Please refer to the 
applicable agreement for further details.



+-------------------------------------------------------------------+
; EDA Netlist Writer Summary                                        ;
+---------------------------+---------------------------------------+
; EDA Netlist Writer Status ; Successful - Sat Aug 19 22:40:39 2017 ;
; Revision Name             ; First_project                         ;
; Top-level Entity Name     ; First_project                         ;
; Family                    ; Cyclone II                            ;
; Simulation Files Creation ; Successful                            ;
+---------------------------+---------------------------------------+


+----------------------------------------------------------------------------------------------------------------------------+
; Simulation Settings                                                                                                        ;
+---------------------------------------------------------------------------------------------------+------------------------+
; Option                                                                                            ; Setting                ;
+---------------------------------------------------------------------------------------------------+------------------------+
; Tool Name                                                                                         ; ModelSim-Altera (VHDL) ;
; Generate netlist for functional simulation only                                                   ; Off                    ;
; Time scale                                                                                        ; 1 ps                   ;
; Truncate long hierarchy paths                                                                     ; Off                    ;
; Map illegal HDL characters                                                                        ; Off                    ;
; Flatten buses into individual nodes                                                               ; Off                    ;
; Maintain hierarchy                                                                                ; Off                    ;
; Bring out device-wide set/reset signals as ports                                                  ; Off                    ;
; Enable glitch filtering                                                                           ; Off                    ;
; Do not write top level VHDL entity                                                                ; Off                    ;
; Disable detection of setup and hold time violations in the input registers of bi-directional pins ; Off                    ;
; Architecture name in VHDL output netlist                                                          ; structure              ;
; Generate third-party EDA tool command script for RTL functional simulation                        ; Off                    ;
; Generate third-party EDA tool command script for gate-level simulation                            ; Off                    ;
+---------------------------------------------------------------------------------------------------+------------------------+


+------------------------------------------------------------------------------------+
; Simulation Generated Files                                                         ;
+------------------------------------------------------------------------------------+
; Generated Files                                                                    ;
+------------------------------------------------------------------------------------+
; V:/Altera project/Altera-PWM-Driver/simulation/modelsim/First_project.vho          ;
; V:/Altera project/Altera-PWM-Driver/simulation/modelsim/First_project_fast.vho     ;
; V:/Altera project/Altera-PWM-Driver/simulation/modelsim/First_project_vhd.sdo      ;
; V:/Altera project/Altera-PWM-Driver/simulation/modelsim/First_project_vhd_fast.sdo ;
+------------------------------------------------------------------------------------+


+-----------------------------+
; EDA Netlist Writer Messages ;
+-----------------------------+
Info: *******************************************************************
Info: Running Quartus II 64-Bit EDA Netlist Writer
    Info: Version 11.1 Build 216 11/23/2011 Service Pack 1 SJ Full Version
    Info: Processing started: Sat Aug 19 22:40:38 2017
Info: Command: quartus_eda --read_settings_files=off --write_settings_files=off First_project -c First_project
Info (204026): Generated files "First_project.vho", "First_project_fast.vho", "First_project_vhd.sdo" and "First_project_vhd_fast.sdo" in directory "V:/Altera project/Altera-PWM-Driver/simulation/modelsim/" for EDA simulation tool
Info: Quartus II 64-Bit EDA Netlist Writer was successful. 0 errors, 0 warnings
    Info: Peak virtual memory: 336 megabytes
    Info: Processing ended: Sat Aug 19 22:40:39 2017
    Info: Elapsed time: 00:00:01
    Info: Total CPU time (on all processors): 00:00:01


