Flow report for First_project
Fri Nov 27 22:23:41 2015
Quartus II 64-Bit Version 11.1 Build 216 11/23/2011 Service Pack 1 SJ Full Version


---------------------
; Table of Contents ;
---------------------
  1. Legal Notice
  2. Flow Summary
  3. Flow Settings
  4. Flow Non-Default Global Settings
  5. Flow Elapsed Time
  6. Flow OS Summary
  7. Flow Log



----------------
; Legal Notice ;
----------------
Copyright (C) 1991-2011 Altera Corporation
Your use of Altera Corporation's design tools, logic functions 
and other software and tools, and its AMPP partner logic 
functions, and any output files from any of the foregoing 
(including device programming or simulation files), and any 
associated documentation or information are expressly subject 
to the terms and conditions of the Altera Program License 
Subscription Agreement, Altera MegaCore Function License 
Agreement, or other applicable license agreement, including, 
without limitation, that your use is for the sole purpose of 
programming logic devices manufactured by Altera and sold by 
Altera or its authorized distributors.  Please refer to the 
applicable agreement for further details.



+-------------------------------------------------------------------------------------+
; Flow Summary                                                                        ;
+------------------------------------+------------------------------------------------+
; Flow Status                        ; Successful - Fri Nov 27 22:23:41 2015          ;
; Quartus II 64-Bit Version          ; 11.1 Build 216 11/23/2011 SP 1 SJ Full Version ;
; Revision Name                      ; First_project                                  ;
; Top-level Entity Name              ; First_project                                  ;
; Family                             ; Cyclone IV E                                   ;
; Device                             ; EP4CE6E22C8                                    ;
; Timing Models                      ; Final                                          ;
; Total logic elements               ; 454 / 6,272 ( 7 % )                            ;
;     Total combinational functions  ; 407 / 6,272 ( 6 % )                            ;
;     Dedicated logic registers      ; 347 / 6,272 ( 6 % )                            ;
; Total registers                    ; 347                                            ;
; Total pins                         ; 25 / 92 ( 27 % )                               ;
; Total virtual pins                 ; 0                                              ;
; Total memory bits                  ; 0 / 276,480 ( 0 % )                            ;
; Embedded Multiplier 9-bit elements ; 0 / 30 ( 0 % )                                 ;
; Total PLLs                         ; 0 / 2 ( 0 % )                                  ;
+------------------------------------+------------------------------------------------+


+-----------------------------------------+
; Flow Settings                           ;
+-------------------+---------------------+
; Option            ; Setting             ;
+-------------------+---------------------+
; Start date & time ; 11/27/2015 22:23:28 ;
; Main task         ; Compilation         ;
; Revision Name     ; First_project       ;
+-------------------+---------------------+


+------------------------------------------------------------------------------------------------------------------------------+
; Flow Non-Default Global Settings                                                                                             ;
+---------------------------------------+---------------------------------------+---------------+-------------+----------------+
; Assignment Name                       ; Value                                 ; Default Value ; Entity Name ; Section Id     ;
+---------------------------------------+---------------------------------------+---------------+-------------+----------------+
; COMPILER_SIGNATURE_ID                 ; 13103005697.144864860817968           ; --            ; --          ; --             ;
; EDA_DESIGN_INSTANCE_NAME              ; NA                                    ; --            ; --          ; testbench      ;
; EDA_NATIVELINK_SIMULATION_TEST_BENCH  ; testbench                             ; --            ; --          ; eda_simulation ;
; EDA_OUTPUT_DATA_FORMAT                ; Vhdl                                  ; --            ; --          ; eda_simulation ;
; EDA_SIMULATION_TOOL                   ; ModelSim-Altera (VHDL)                ; <None>        ; --          ; --             ;
; EDA_TEST_BENCH_ENABLE_STATUS          ; TEST_BENCH_MODE                       ; --            ; --          ; eda_simulation ;
; EDA_TEST_BENCH_FILE                   ; simulation/modelsim/First_project.vht ; --            ; --          ; testbench      ;
; EDA_TEST_BENCH_MODULE_NAME            ; First_project_vhd_tst                 ; --            ; --          ; testbench      ;
; EDA_TEST_BENCH_NAME                   ; testbench                             ; --            ; --          ; eda_simulation ;
; MAX_CORE_JUNCTION_TEMP                ; 85                                    ; --            ; --          ; --             ;
; MIN_CORE_JUNCTION_TEMP                ; 0                                     ; --            ; --          ; --             ;
; PARTITION_COLOR                       ; 16764057                              ; --            ; --          ; Top            ;
; PARTITION_FITTER_PRESERVATION_LEVEL   ; PLACEMENT_AND_ROUTING                 ; --            ; --          ; Top            ;
; PARTITION_NETLIST_TYPE                ; SOURCE                                ; --            ; --          ; Top            ;
; POWER_EXT_SUPPLY_VOLTAGE_TO_REGULATOR ; 3.3V                                  ; --            ; --          ; --             ;
; POWER_PRESET_COOLING_SOLUTION         ; No Heat Sink With Still Air           ; --            ; --          ; --             ;
+---------------------------------------+---------------------------------------+---------------+-------------+----------------+


+-------------------------------------------------------------------------------------------------------------------------------+
; Flow Elapsed Time                                                                                                             ;
+---------------------------+--------------+-------------------------+---------------------+------------------------------------+
; Module Name               ; Elapsed Time ; Average Processors Used ; Peak Virtual Memory ; Total CPU Time (on all processors) ;
+---------------------------+--------------+-------------------------+---------------------+------------------------------------+
; Analysis & Synthesis      ; 00:00:02     ; 1.0                     ; 367 MB              ; 00:00:02                           ;
; Fitter                    ; 00:00:03     ; 1.0                     ; 546 MB              ; 00:00:03                           ;
; Assembler                 ; 00:00:01     ; 1.0                     ; 329 MB              ; 00:00:01                           ;
; TimeQuest Timing Analyzer ; 00:00:03     ; 1.0                     ; 396 MB              ; 00:00:02                           ;
; EDA Netlist Writer        ; 00:00:02     ; 1.0                     ; 311 MB              ; 00:00:01                           ;
; Total                     ; 00:00:11     ; --                      ; --                  ; 00:00:09                           ;
+---------------------------+--------------+-------------------------+---------------------+------------------------------------+


+----------------------------------------------------------------------------------------+
; Flow OS Summary                                                                        ;
+---------------------------+------------------+-----------+------------+----------------+
; Module Name               ; Machine Hostname ; OS Name   ; OS Version ; Processor type ;
+---------------------------+------------------+-----------+------------+----------------+
; Analysis & Synthesis      ; Home-PC          ; Windows 7 ; 6.1        ; x86_64         ;
; Fitter                    ; Home-PC          ; Windows 7 ; 6.1        ; x86_64         ;
; Assembler                 ; Home-PC          ; Windows 7 ; 6.1        ; x86_64         ;
; TimeQuest Timing Analyzer ; Home-PC          ; Windows 7 ; 6.1        ; x86_64         ;
; EDA Netlist Writer        ; Home-PC          ; Windows 7 ; 6.1        ; x86_64         ;
+---------------------------+------------------+-----------+------------+----------------+


------------
; Flow Log ;
------------
quartus_map --read_settings_files=on --write_settings_files=off First_project -c First_project
quartus_fit --read_settings_files=off --write_settings_files=off First_project -c First_project
quartus_asm --read_settings_files=off --write_settings_files=off First_project -c First_project
quartus_sta First_project -c First_project
quartus_eda --read_settings_files=off --write_settings_files=off First_project -c First_project



